Release 14.1 - xst P.15xf (nt64)
Copyright (c) 1995-2012 Xilinx, Inc.  All rights reserved.
--> Parameter TMPDIR set to xst/projnav.tmp


Total REAL time to Xst completion: 0.00 secs
Total CPU time to Xst completion: 0.13 secs
 
--> Parameter xsthdpdir set to xst


Total REAL time to Xst completion: 0.00 secs
Total CPU time to Xst completion: 0.13 secs
 
--> Reading design: lab2_FA_sch.prj

TABLE OF CONTENTS
  1) Synthesis Options Summary
  2) HDL Compilation
  3) Design Hierarchy Analysis
  4) HDL Analysis
  5) HDL Synthesis
     5.1) HDL Synthesis Report
  6) Advanced HDL Synthesis
     6.1) Advanced HDL Synthesis Report
  7) Low Level Synthesis
  8) Partition Report
  9) Final Report

=========================================================================
*                      Synthesis Options Summary                        *
=========================================================================
---- Source Parameters
Input File Name                    : "lab2_FA_sch.prj"
Input Format                       : mixed
Ignore Synthesis Constraint File   : NO

---- Target Parameters
Output File Name                   : "lab2_FA_sch"
Output Format                      : NGC
Target Device                      : Automotive 9500XL

---- Source Options
Top Module Name                    : lab2_FA_sch
Automatic FSM Extraction           : YES
FSM Encoding Algorithm             : Auto
Safe Implementation                : No
Mux Extraction                     : Yes
Resource Sharing                   : YES

---- Target Options
Add IO Buffers                     : YES
MACRO Preserve                     : YES
XOR Preserve                       : YES
Equivalent register Removal        : YES

---- General Options
Optimization Goal                  : Speed
Optimization Effort                : 1
Keep Hierarchy                     : Yes
Netlist Hierarchy                  : As_Optimized
RTL Output                         : Yes
Hierarchy Separator                : /
Bus Delimiter                      : <>
Case Specifier                     : Maintain
Verilog 2001                       : YES

---- Other Options
Clock Enable                       : YES
wysiwyg                            : NO

=========================================================================


=========================================================================
*                          HDL Compilation                              *
=========================================================================
Compiling verilog file "lab2_FA_sch.vf" in library work
Module <ADD1_MXILINX_lab2_FA_sch> compiled
Module <lab2_FA_sch> compiled
No errors in compilation
Analysis of file <"lab2_FA_sch.prj"> succeeded.
 

=========================================================================
*                     Design Hierarchy Analysis                         *
=========================================================================
Analyzing hierarchy for module <lab2_FA_sch> in library <work>.

Analyzing hierarchy for module <ADD1_MXILINX_lab2_FA_sch> in library <work>.

Analyzing hierarchy for module <ADD1_MXILINX_lab2_FA_sch> in library <work>.

Analyzing hierarchy for module <ADD1_MXILINX_lab2_FA_sch> in library <work>.

Analyzing hierarchy for module <ADD1_MXILINX_lab2_FA_sch> in library <work>.


=========================================================================
*                            HDL Analysis                               *
=========================================================================
Analyzing top module <lab2_FA_sch>.
Module <lab2_FA_sch> is correct for synthesis.
 
    Set user-defined property "HU_SET =  XLXI_1_0" for instance <XLXI_1> in unit <lab2_FA_sch>.
    Set user-defined property "HU_SET =  XLXI_2_1" for instance <XLXI_2> in unit <lab2_FA_sch>.
    Set user-defined property "HU_SET =  XLXI_3_2" for instance <XLXI_3> in unit <lab2_FA_sch>.
    Set user-defined property "HU_SET =  XLXI_4_3" for instance <XLXI_4> in unit <lab2_FA_sch>.
Analyzing module <ADD1_MXILINX_lab2_FA_sch.1> in library <work>.
Module <ADD1_MXILINX_lab2_FA_sch.1> is correct for synthesis.
 
Analyzing module <ADD1_MXILINX_lab2_FA_sch.2> in library <work>.
Module <ADD1_MXILINX_lab2_FA_sch.2> is correct for synthesis.
 
Analyzing module <ADD1_MXILINX_lab2_FA_sch.3> in library <work>.
Module <ADD1_MXILINX_lab2_FA_sch.3> is correct for synthesis.
 
Analyzing module <ADD1_MXILINX_lab2_FA_sch.4> in library <work>.
Module <ADD1_MXILINX_lab2_FA_sch.4> is correct for synthesis.
 

=========================================================================
*                           HDL Synthesis                               *
=========================================================================

Performing bidirectional port resolution...

Synthesizing Unit <ADD1_MXILINX_lab2_FA_sch_1>.
    Related source file is "lab2_FA_sch.vf".
Unit <ADD1_MXILINX_lab2_FA_sch_1> synthesized.


Synthesizing Unit <ADD1_MXILINX_lab2_FA_sch_2>.
    Related source file is "lab2_FA_sch.vf".
Unit <ADD1_MXILINX_lab2_FA_sch_2> synthesized.


Synthesizing Unit <ADD1_MXILINX_lab2_FA_sch_3>.
    Related source file is "lab2_FA_sch.vf".
Unit <ADD1_MXILINX_lab2_FA_sch_3> synthesized.


Synthesizing Unit <ADD1_MXILINX_lab2_FA_sch_4>.
    Related source file is "lab2_FA_sch.vf".
Unit <ADD1_MXILINX_lab2_FA_sch_4> synthesized.


Synthesizing Unit <lab2_FA_sch>.
    Related source file is "lab2_FA_sch.vf".
Unit <lab2_FA_sch> synthesized.


=========================================================================
HDL Synthesis Report

Found no macro
=========================================================================

=========================================================================
*                       Advanced HDL Synthesis                          *
=========================================================================


=========================================================================
Advanced HDL Synthesis Report

Found no macro
=========================================================================

=========================================================================
*                         Low Level Synthesis                           *
=========================================================================

ERROR:Xst:528 - Multi-source in Unit <lab2_FA_sch> on signal <C>; this signal is connected to multiple drivers.
Drivers are: 
   Output signal of OR3 instance <XLXI_1/I_36_63>
   Output signal of OR3 instance <XLXI_2/I_36_63>
   Output signal of OR3 instance <XLXI_3/I_36_63>
   Output signal of OR3 instance <XLXI_4/I_36_63>


Total REAL time to Xst completion: 3.00 secs
Total CPU time to Xst completion: 3.43 secs
 
--> 

Total memory usage is 4493616 kilobytes

Number of errors   :    1 (   0 filtered)
Number of warnings :    0 (   0 filtered)
Number of infos    :    0 (   0 filtered)

